<?xml version="1.0" encoding="UTF-8"?>
<!-- Generated by org.testng.reporters.JUnitReportReporter -->
<testsuite skipped="0" hostname="rakeshs-MacBook-Air.local" name="com.qa.test.LoginPageTest" tests="6" failures="0" timestamp="24 Nov 2018 16:07:22 GMT" time="63.177" errors="0">
  <testcase name="loginTest" time="13.166" classname="com.qa.test.LoginPageTest"/>
  <testcase name="featureLinkTest" time="13.303" classname="com.qa.test.LoginPageTest"/>
  <testcase name="pricingLinkTest" time="8.705" classname="com.qa.test.LoginPageTest"/>
  <testcase name="customersLinkTest" time="9.811" classname="com.qa.test.LoginPageTest"/>
  <testcase name="contactLinkTest" time="7.206" classname="com.qa.test.LoginPageTest"/>
  <testcase name="supportLinkTest" time="10.986" classname="com.qa.test.LoginPageTest"/>
</testsuite> <!-- com.qa.test.LoginPageTest -->
